-------------------------------------------------------------------------------
Test set: com.mulesoft.training.HelloMavenTest
-------------------------------------------------------------------------------
Tests run: 1, Failures: 1, Errors: 0, Skipped: 0, Time elapsed: 20.251 sec <<< FAILURE! - in com.mulesoft.training.HelloMavenTest
mavenFlowReturnsHelloMaven(com.mulesoft.training.HelloMavenTest)  Time elapsed: 14.808 sec  <<< FAILURE!
org.junit.ComparisonFailure: expected:<[Hello Maven]> but was:<[[{"planeType":"Boeing 787","code2":"0001","toAirport":"LAX","takeOffDate":"2015-01-20","fromAirport":"MUA","price":541,"airlineName":"American Airlines","seatsAvailable":"none","code1":"rree"},{"planeType":"Boeing 747","code2":"0123","toAirport":"CLE","takeOffDate":"2015-01-25","fromAirport":"MUA","price":300,"airlineName":"American Airlines","seatsAvailable":"7","code1":"rree"},{"planeType":"Boeing 777","code2":"0192","toAirport":"LAX","takeOffDate":"2015-01-20","fromAirport":"MUA","price":300,"airlineName":"American Airlines","seatsAvailable":"none","code1":"rree"},{"planeType":"Boeing 737","code2":"1000","toAirport":"CLE","takeOffDate":"2015-01-20","fromAirport":"MUA","price":200,"airlineName":"American Airlines","seatsAvailable":"5","code1":"rree"},{"planeType":"Boeing 737","code2":"1093","toAirport":"SFO","takeOffDate":"2015-02-11","fromAirport":"MUA","price":142,"airlineName":"American Airlines","seatsAvailable":"1","code1":"rree"},{"planeType":"Boeing 787","code2":"1112","toAirport":"CLE","takeOffDate":"2015-01-20","fromAirport":"MUA","price":954,"airlineName":"American Airlines","seatsAvailable":"100","code1":"rree"},{"planeType":"Boeing 777","code2":"1994","toAirport":"SFO","takeOffDate":"2015-01-01","fromAirport":"MUA","price":676,"airlineName":"American Airlines","seatsAvailable":"none","code1":"rree"},{"planeType":"Boeing 737","code2":"2000","toAirport":"SFO","takeOffDate":"2015-02-20","fromAirport":"MUA","price":300,"airlineName":"American Airlines","seatsAvailable":"30","code1":"rree"},{"planeType":"Boeing 737","code2":"3000","toAirport":"SFO","takeOffDate":"2015-02-01","fromAirport":"MUA","price":900,"airlineName":"American Airlines","seatsAvailable":"none","code1":"rree"},{"planeType":"Boeing 777","code2":"4511","toAirport":"LAX","takeOffDate":"2015-01-15","fromAirport":"MUA","price":900,"airlineName":"American Airlines","seatsAvailable":"100","code1":"rree"},{"planeType":"Boeing 737","code2":"4567","toAirport":"SFO","takeOffDate":"2015-01-20","fromAirport":"MUA","price":456,"airlineName":"American Airlines","seatsAvailable":"100","code1":"rree"}]]>
	at com.mulesoft.training.HelloMavenTest.mavenFlowReturnsHelloMaven(HelloMavenTest.java:12)

