<?xml version="1.0" encoding="UTF-8"?>
<testsuite xmlns:xsi="http://www.w3.org/2001/XMLSchema-instance" xsi:schemaLocation="https://maven.apache.org/surefire/maven-surefire-plugin/xsd/surefire-test-report.xsd" name="com.mulesoft.training.HelloMavenTest" time="20.251" tests="1" errors="0" skipped="0" failures="1">
  <properties>
[...]
</properties>
  <testcase name="mavenFlowReturnsHelloMaven" classname="com.mulesoft.training.HelloMavenTest" time="14.808">
    <failure message="expected:&lt;[Hello Maven]&gt; but was:&lt;[[{&quot;planeType&quot;:&quot;Boeing 787&quot;,&quot;code2&quot;:&quot;0001&quot;,&quot;toAirport&quot;:&quot;LAX&quot;,&quot;takeOffDate&quot;:&quot;2015-01-20&quot;,&quot;fromAirport&quot;:&quot;MUA&quot;,&quot;price&quot;:541,&quot;airlineName&quot;:&quot;American Airlines&quot;,&quot;seatsAvailable&quot;:&quot;none&quot;,&quot;code1&quot;:&quot;rree&quot;},{&quot;planeType&quot;:&quot;Boeing 747&quot;,&quot;code2&quot;:&quot;0123&quot;,&quot;toAirport&quot;:&quot;CLE&quot;,&quot;takeOffDate&quot;:&quot;2015-01-25&quot;,&quot;fromAirport&quot;:&quot;MUA&quot;,&quot;price&quot;:300,&quot;airlineName&quot;:&quot;American Airlines&quot;,&quot;seatsAvailable&quot;:&quot;7&quot;,&quot;code1&quot;:&quot;rree&quot;},{&quot;planeType&quot;:&quot;Boeing 777&quot;,&quot;code2&quot;:&quot;0192&quot;,&quot;toAirport&quot;:&quot;LAX&quot;,&quot;takeOffDate&quot;:&quot;2015-01-20&quot;,&quot;fromAirport&quot;:&quot;MUA&quot;,&quot;price&quot;:300,&quot;airlineName&quot;:&quot;American Airlines&quot;,&quot;seatsAvailable&quot;:&quot;none&quot;,&quot;code1&quot;:&quot;rree&quot;},{&quot;planeType&quot;:&quot;Boeing 737&quot;,&quot;code2&quot;:&quot;1000&quot;,&quot;toAirport&quot;:&quot;CLE&quot;,&quot;takeOffDate&quot;:&quot;2015-01-20&quot;,&quot;fromAirport&quot;:&quot;MUA&quot;,&quot;price&quot;:200,&quot;airlineName&quot;:&quot;American Airlines&quot;,&quot;seatsAvailable&quot;:&quot;5&quot;,&quot;code1&quot;:&quot;rree&quot;},{&quot;planeType&quot;:&quot;Boeing 737&quot;,&quot;code2&quot;:&quot;1093&quot;,&quot;toAirport&quot;:&quot;SFO&quot;,&quot;takeOffDate&quot;:&quot;2015-02-11&quot;,&quot;fromAirport&quot;:&quot;MUA&quot;,&quot;price&quot;:142,&quot;airlineName&quot;:&quot;American Airlines&quot;,&quot;seatsAvailable&quot;:&quot;1&quot;,&quot;code1&quot;:&quot;rree&quot;},{&quot;planeType&quot;:&quot;Boeing 787&quot;,&quot;code2&quot;:&quot;1112&quot;,&quot;toAirport&quot;:&quot;CLE&quot;,&quot;takeOffDate&quot;:&quot;2015-01-20&quot;,&quot;fromAirport&quot;:&quot;MUA&quot;,&quot;price&quot;:954,&quot;airlineName&quot;:&quot;American Airlines&quot;,&quot;seatsAvailable&quot;:&quot;100&quot;,&quot;code1&quot;:&quot;rree&quot;},{&quot;planeType&quot;:&quot;Boeing 777&quot;,&quot;code2&quot;:&quot;1994&quot;,&quot;toAirport&quot;:&quot;SFO&quot;,&quot;takeOffDate&quot;:&quot;2015-01-01&quot;,&quot;fromAirport&quot;:&quot;MUA&quot;,&quot;price&quot;:676,&quot;airlineName&quot;:&quot;American Airlines&quot;,&quot;seatsAvailable&quot;:&quot;none&quot;,&quot;code1&quot;:&quot;rree&quot;},{&quot;planeType&quot;:&quot;Boeing 737&quot;,&quot;code2&quot;:&quot;2000&quot;,&quot;toAirport&quot;:&quot;SFO&quot;,&quot;takeOffDate&quot;:&quot;2015-02-20&quot;,&quot;fromAirport&quot;:&quot;MUA&quot;,&quot;price&quot;:300,&quot;airlineName&quot;:&quot;American Airlines&quot;,&quot;seatsAvailable&quot;:&quot;30&quot;,&quot;code1&quot;:&quot;rree&quot;},{&quot;planeType&quot;:&quot;Boeing 737&quot;,&quot;code2&quot;:&quot;3000&quot;,&quot;toAirport&quot;:&quot;SFO&quot;,&quot;takeOffDate&quot;:&quot;2015-02-01&quot;,&quot;fromAirport&quot;:&quot;MUA&quot;,&quot;price&quot;:900,&quot;airlineName&quot;:&quot;American Airlines&quot;,&quot;seatsAvailable&quot;:&quot;none&quot;,&quot;code1&quot;:&quot;rree&quot;},{&quot;planeType&quot;:&quot;Boeing 777&quot;,&quot;code2&quot;:&quot;4511&quot;,&quot;toAirport&quot;:&quot;LAX&quot;,&quot;takeOffDate&quot;:&quot;2015-01-15&quot;,&quot;fromAirport&quot;:&quot;MUA&quot;,&quot;price&quot;:900,&quot;airlineName&quot;:&quot;American Airlines&quot;,&quot;seatsAvailable&quot;:&quot;100&quot;,&quot;code1&quot;:&quot;rree&quot;},{&quot;planeType&quot;:&quot;Boeing 737&quot;,&quot;code2&quot;:&quot;4567&quot;,&quot;toAirport&quot;:&quot;SFO&quot;,&quot;takeOffDate&quot;:&quot;2015-01-20&quot;,&quot;fromAirport&quot;:&quot;MUA&quot;,&quot;price&quot;:456,&quot;airlineName&quot;:&quot;American Airlines&quot;,&quot;seatsAvailable&quot;:&quot;100&quot;,&quot;code1&quot;:&quot;rree&quot;}]]&gt;" type="org.junit.ComparisonFailure">org.junit.ComparisonFailure: expected:&lt;[Hello Maven]&gt; but was:&lt;[[{"planeType":"Boeing 787","code2":"0001","toAirport":"LAX","takeOffDate":"2015-01-20","fromAirport":"MUA","price":541,"airlineName":"American Airlines","seatsAvailable":"none","code1":"rree"},{"planeType":"Boeing 747","code2":"0123","toAirport":"CLE","takeOffDate":"2015-01-25","fromAirport":"MUA","price":300,"airlineName":"American Airlines","seatsAvailable":"7","code1":"rree"},{"planeType":"Boeing 777","code2":"0192","toAirport":"LAX","takeOffDate":"2015-01-20","fromAirport":"MUA","price":300,"airlineName":"American Airlines","seatsAvailable":"none","code1":"rree"},{"planeType":"Boeing 737","code2":"1000","toAirport":"CLE","takeOffDate":"2015-01-20","fromAirport":"MUA","price":200,"airlineName":"American Airlines","seatsAvailable":"5","code1":"rree"},{"planeType":"Boeing 737","code2":"1093","toAirport":"SFO","takeOffDate":"2015-02-11","fromAirport":"MUA","price":142,"airlineName":"American Airlines","seatsAvailable":"1","code1":"rree"},{"planeType":"Boeing 787","code2":"1112","toAirport":"CLE","takeOffDate":"2015-01-20","fromAirport":"MUA","price":954,"airlineName":"American Airlines","seatsAvailable":"100","code1":"rree"},{"planeType":"Boeing 777","code2":"1994","toAirport":"SFO","takeOffDate":"2015-01-01","fromAirport":"MUA","price":676,"airlineName":"American Airlines","seatsAvailable":"none","code1":"rree"},{"planeType":"Boeing 737","code2":"2000","toAirport":"SFO","takeOffDate":"2015-02-20","fromAirport":"MUA","price":300,"airlineName":"American Airlines","seatsAvailable":"30","code1":"rree"},{"planeType":"Boeing 737","code2":"3000","toAirport":"SFO","takeOffDate":"2015-02-01","fromAirport":"MUA","price":900,"airlineName":"American Airlines","seatsAvailable":"none","code1":"rree"},{"planeType":"Boeing 777","code2":"4511","toAirport":"LAX","takeOffDate":"2015-01-15","fromAirport":"MUA","price":900,"airlineName":"American Airlines","seatsAvailable":"100","code1":"rree"},{"planeType":"Boeing 737","code2":"4567","toAirport":"SFO","takeOffDate":"2015-01-20","fromAirport":"MUA","price":456,"airlineName":"American Airlines","seatsAvailable":"100","code1":"rree"}]]&gt;	at com.mulesoft.training.HelloMavenTest.mavenFlowReturnsHelloMaven(HelloMavenTest.java:12)</failure>
    <system-out><![CDATA[
================================================================================
= Testing: mavenFlowReturnsHelloMaven                                          =
================================================================================
INFO  2017-02-09 11:11:49,666 [Thread-1] com.mulesoft.training.HelloMavenTest: Using working directory for test: /var/folders/wg/2w21n_c50y1163mxqy0_zzgc0000gn/T/junit4000874400444580536
INFO  2017-02-09 11:11:49,772 [Thread-1] org.mule.lifecycle.AbstractLifecycleManager: Initialising RegistryBroker
INFO  2017-02-09 11:11:49,898 [Thread-1] org.mule.config.spring.MuleArtifactContext: Refreshing org.mule.config.spring.MuleArtifactContext@5a2561ea: startup date [Thu Feb 09 11:11:49 CET 2017]; root of context hierarchy
INFO  2017-02-09 11:11:50,808 [Thread-1] org.mule.config.spring.processors.NoDevkitInjectorProcessor: JSR-330 'javax.inject.Inject' annotation found and supported for autowiring
WARN  2017-02-09 11:11:50,993 [Thread-1] org.mule.expression.DefaultExpressionManager: Expression string is not an expression.  Use isExpression(String) to validate first
WARN  2017-02-09 11:11:50,993 [Thread-1] org.mule.expression.DefaultExpressionManager: Expression string is not an expression.  Use isExpression(String) to validate first
WARN  2017-02-09 11:11:50,993 [Thread-1] org.mule.expression.DefaultExpressionManager: Expression string is not an expression.  Use isExpression(String) to validate first
WARN  2017-02-09 11:11:50,993 [Thread-1] org.mule.expression.DefaultExpressionManager: Expression string is not an expression.  Use isExpression(String) to validate first
INFO  2017-02-09 11:11:51,473 [Thread-1] org.mule.util.journal.TransactionJournal: Using files for tx logs /private/var/folders/wg/2w21n_c50y1163mxqy0_zzgc0000gn/T/junit4000874400444580536/queue-tx-log/tx1.log and /private/var/folders/wg/2w21n_c50y1163mxqy0_zzgc0000gn/T/junit4000874400444580536/queue-tx-log/tx2.log
INFO  2017-02-09 11:11:51,485 [Thread-1] org.mule.util.journal.TransactionJournal: Using files for tx logs /private/var/folders/wg/2w21n_c50y1163mxqy0_zzgc0000gn/T/junit4000874400444580536/queue-xa-tx-log/tx1.log and /private/var/folders/wg/2w21n_c50y1163mxqy0_zzgc0000gn/T/junit4000874400444580536/queue-xa-tx-log/tx2.log
INFO  2017-02-09 11:11:51,490 [Thread-1] org.mule.lifecycle.AbstractLifecycleManager: Initialising model: _muleSystemModel
INFO  2017-02-09 11:11:51,493 [Thread-1] org.mule.construct.FlowConstructLifecycleManager: Initialising flow: mavenFlow
INFO  2017-02-09 11:11:51,494 [Thread-1] org.mule.exception.DefaultMessagingExceptionStrategy: Initialising exception listener: org.mule.exception.DefaultMessagingExceptionStrategy@7334f436
INFO  2017-02-09 11:11:51,517 [Thread-1] org.mule.processor.SedaStageLifecycleManager: Initialising service: mavenFlow.stage1
INFO  2017-02-09 11:11:51,858 [Thread-1] org.mule.config.spring.SpringXmlConfigurationBuilder: Configured Mule using "org.mule.config.spring.SpringXmlConfigurationBuilder" with configuration resource(s): "[ConfigResource{resourceName='maven-project.xml'}]"
INFO  2017-02-09 11:11:51,861 [Thread-1] org.mule.util.queue.QueueXaResourceManager: Starting ResourceManager
INFO  2017-02-09 11:11:51,861 [Thread-1] org.mule.util.queue.QueueXaResourceManager: Started ResourceManager
INFO  2017-02-09 11:11:51,916 [Thread-1] org.mule.module.http.internal.listener.DefaultHttpListenerConfig: Listening for requests on http://0.0.0.0:8081
INFO  2017-02-09 11:11:51,918 [Thread-1] org.mule.lifecycle.AbstractLifecycleManager: Starting model: _muleSystemModel
INFO  2017-02-09 11:11:51,920 [Thread-1] org.mule.construct.FlowConstructLifecycleManager: Starting flow: mavenFlow
INFO  2017-02-09 11:11:51,921 [Thread-1] org.mule.processor.SedaStageLifecycleManager: Starting service: mavenFlow.stage1
INFO  2017-02-09 11:11:51,944 [Thread-1] org.mule.DefaultMuleContext: 
**********************************************************************
* Mule Runtime and Integration Platform                              *
* Version: 3.8.3 Build: 9246de8f                                     *
* MuleSoft, Inc.                                                     *
* For more information go to http://www.mulesoft.org                 *
*                                                                    *
* Server started: 2/9/17 11:11 AM                                    *
* Server ID: 28b9d160-eeb0-11e6-a64b-acde48001122                    *
* JDK: 1.8.0_112 (mixed mode)                                        *
* OS encoding: UTF-8, Mule encoding: UTF-8                           *
* OS: Mac OS X (10.12.3, x86_64)                                     *
* Host: Deniss-MacBook-Pro.local (10.142.132.39)                     *
*                                                                    *
* Agents Running: None                                               *
**********************************************************************
WARN  2017-02-09 11:11:51,951 [Thread-1] org.mule.model.seda.SedaModel: The <model> element is deprecated in Mule 3.4 and will be removed in Mule 4.0.  Flows do not need to be configured inside a <model> element. 
INFO  2017-02-09 11:11:51,951 [Thread-1] org.mule.lifecycle.AbstractLifecycleManager: Initialising model: main
INFO  2017-02-09 11:11:51,951 [Thread-1] org.mule.lifecycle.AbstractLifecycleManager: Starting model: main
WARN  2017-02-09 11:11:51,976 [Thread-1] org.mule.model.seda.SedaService: Services (SedaService or any custom implementation) are deprecated in Mule 3.4 and will be removed in Mule 4.0. 
INFO  2017-02-09 11:11:51,978 [Thread-1] org.mule.service.ServiceLifecycleManager: Initialising service: appleService
INFO  2017-02-09 11:11:51,988 [Thread-1] org.mule.exception.DefaultMessagingExceptionStrategy: Initialising exception listener: org.mule.exception.DefaultMessagingExceptionStrategy@2f6df8ad
INFO  2017-02-09 11:11:51,988 [Thread-1] org.mule.component.ComponentLifecycleManager: Initialising component: component.1411328866
INFO  2017-02-09 11:11:51,989 [Thread-1] org.mule.processor.SedaStageLifecycleManager: Initialising service: appleService
INFO  2017-02-09 11:11:51,991 [Thread-1] org.mule.service.ServiceLifecycleManager: Starting service: appleService
INFO  2017-02-09 11:11:51,992 [Thread-1] org.mule.component.ComponentLifecycleManager: Starting component: component.1411328866
INFO  2017-02-09 11:11:51,999 [Thread-1] org.mule.processor.SedaStageLifecycleManager: Starting service: appleService
INFO  2017-02-09 11:11:52,047 [Thread-1] org.mule.lifecycle.AbstractLifecycleManager: Initialising connector: testConnector
INFO  2017-02-09 11:11:52,097 [Thread-1] org.mule.tck.testmodels.mule.TestConnector: Connected: TestConnector
{
  name=testConnector
  lifecycle=initialise
  this=63c96b62
  numberOfConcurrentTransactedReceivers=4
  createMultipleTransactedReceivers=true
  connected=true
  supportedProtocols=[test]
  serviceOverrides=<none>
}

INFO  2017-02-09 11:11:52,097 [Thread-1] org.mule.tck.testmodels.mule.TestConnector: Starting: TestConnector
{
  name=testConnector
  lifecycle=initialise
  this=63c96b62
  numberOfConcurrentTransactedReceivers=4
  createMultipleTransactedReceivers=true
  connected=true
  supportedProtocols=[test]
  serviceOverrides=<none>
}

INFO  2017-02-09 11:11:52,099 [Thread-1] org.mule.lifecycle.AbstractLifecycleManager: Starting connector: testConnector
INFO  2017-02-09 11:11:53,929 [Thread-1] org.mule.construct.FlowConstructLifecycleManager: Stopping flow: mavenFlow
INFO  2017-02-09 11:11:53,929 [Thread-1] org.mule.processor.SedaStageLifecycleManager: Stopping service: mavenFlow.stage1
INFO  2017-02-09 11:11:53,968 [Thread-1] org.mule.service.ServiceLifecycleManager: Stopping service: appleService
INFO  2017-02-09 11:11:53,968 [Thread-1] org.mule.processor.SedaStageLifecycleManager: Stopping service: appleService
INFO  2017-02-09 11:11:54,034 [Thread-1] org.mule.component.ComponentLifecycleManager: Stopping component: component.1411328866
INFO  2017-02-09 11:11:54,035 [Thread-1] org.mule.lifecycle.AbstractLifecycleManager: Stopping model: _muleSystemModel
INFO  2017-02-09 11:11:54,060 [Thread-1] org.mule.module.http.internal.listener.DefaultHttpListenerConfig: Stopped listener on http://0.0.0.0:8081
INFO  2017-02-09 11:11:54,062 [Thread-1] org.mule.util.queue.QueueXaResourceManager: Stopping ResourceManager
INFO  2017-02-09 11:11:54,062 [Thread-1] org.mule.util.queue.QueueXaResourceManager: Stopped ResourceManager
INFO  2017-02-09 11:11:54,066 [Thread-1] org.mule.lifecycle.AbstractLifecycleManager: Disposing RegistryBroker
INFO  2017-02-09 11:11:54,068 [Thread-1] org.mule.construct.FlowConstructLifecycleManager: Disposing flow: mavenFlow
INFO  2017-02-09 11:11:54,068 [Thread-1] org.mule.processor.SedaStageLifecycleManager: Disposing service: mavenFlow.stage1
INFO  2017-02-09 11:11:54,070 [Thread-1] org.mule.service.ServiceLifecycleManager: Disposing service: appleService
INFO  2017-02-09 11:11:54,070 [Thread-1] org.mule.component.ComponentLifecycleManager: Disposing component: component.1411328866
INFO  2017-02-09 11:11:54,070 [Thread-1] org.mule.processor.SedaStageLifecycleManager: Disposing service: appleService
INFO  2017-02-09 11:11:54,072 [Thread-1] org.mule.lifecycle.AbstractLifecycleManager: Disposing model: _muleSystemModel
INFO  2017-02-09 11:11:54,142 [Thread-1] org.mule.config.spring.MuleArtifactContext: Closing org.mule.config.spring.MuleArtifactContext@5a2561ea: startup date [Thu Feb 09 11:11:49 CET 2017]; root of context hierarchy
INFO  2017-02-09 11:11:54,335 [Thread-1] org.mule.DefaultMuleContext: 
**********************************************************************
* Mule Context shut down normally on: 2/9/17 11:11 AM                *
* Server was up for: 0 days, 0 hours, 0 mins, 2.474 sec              *
**********************************************************************
]]></system-out>
    <system-err><![CDATA[Loading class `com.mysql.jdbc.Driver'. This is deprecated. The new driver class is `com.mysql.cj.jdbc.Driver'. The driver is automatically registered via the SPI and manual loading of the driver class is generally unnecessary.
]]></system-err>
  </testcase>
</testsuite>